<?xml version="1.0" encoding="UTF-8"?>
<robot generator="Robot 4.1 (Python 3.8.10 on win32)" generated="20221003 14:57:20.755" rpa="true" schemaversion="2">
<suite id="s1" name="Update Score" source="d:\koodi\diplomi\utulab\salomaa-thesis\robot_scripts\tasks\update_score.robot">
<kw name="Open Report File" type="SETUP">
<msg timestamp="20221003 14:57:20.936" level="FAIL">No keyword with name 'Open Report File' found.</msg>
<status status="FAIL" starttime="20221003 14:57:20.935" endtime="20221003 14:57:20.936"/>
</kw>
<test id="s1-t1" name="Add Student To List">
<tag>new</tag>
<status status="FAIL" starttime="20221003 14:57:20.937" endtime="20221003 14:57:20.937">Parent suite setup failed:
No keyword with name 'Open Report File' found.</status>
</test>
<kw name="Close Report File" type="TEARDOWN">
<msg timestamp="20221003 14:57:20.943" level="FAIL">No keyword with name 'Close Report File' found.</msg>
<status status="FAIL" starttime="20221003 14:57:20.943" endtime="20221003 14:57:20.944">No keyword with name 'Close Report File' found.</status>
</kw>
<status status="FAIL" starttime="20221003 14:57:20.769" endtime="20221003 14:57:20.944">Suite setup failed:
No keyword with name 'Open Report File' found.

Also suite teardown failed:
No keyword with name 'Close Report File' found.</status>
</suite>
<statistics>
<total>
<stat pass="0" fail="1" skip="0">All Tasks</stat>
</total>
<tag>
<stat pass="0" fail="1" skip="0">new</stat>
</tag>
<suite>
<stat pass="0" fail="1" skip="0" id="s1" name="Update Score">Update Score</stat>
</suite>
</statistics>
<errors>
<msg timestamp="20221003 14:57:20.812" level="ERROR">Error in file 'd:\koodi\diplomi\utulab\salomaa-thesis\robot_scripts\tasks\update_score.robot' on line 3: Importing library 'ExcelLibrary' failed: ModuleNotFoundError: No module named 'ExcelLibrary'
Traceback (most recent call last):
  None
PYTHONPATH:
  c:\Users\TSa\.vscode\extensions\robocorp.robotframework-lsp-1.2.0\src\robotframework_debug_adapter
  D:\koodi\diplomi\utulab\salomaa-thesis
  c:\Users\TSa\.vscode\extensions\robocorp.robotframework-lsp-1.2.0\src
  c:\Users\TSa\.vscode\extensions\robocorp.robotframework-lsp-1.2.0\src\robotframework_ls\vendored
  C:\Users\TSa\AppData\Local\robocorp\holotree\b1f3c244e_da28c852\python38.zip
  C:\Users\TSa\AppData\Local\robocorp\holotree\b1f3c244e_da28c852\DLLs
  C:\Users\TSa\AppData\Local\robocorp\holotree\b1f3c244e_da28c852\lib
  C:\Users\TSa\AppData\Local\robocorp\holotree\b1f3c244e_da28c852
  C:\Users\TSa\AppData\Local\robocorp\holotree\b1f3c244e_da28c852\lib\site-packages
  C:\Users\TSa\AppData\Local\robocorp\holotree\b1f3c244e_da28c852\lib\site-packages\win32
  C:\Users\TSa\AppData\Local\robocorp\holotree\b1f3c244e_da28c852\lib\site-packages\win32\lib
  C:\Users\TSa\AppData\Local\robocorp\holotree\b1f3c244e_da28c852\lib\site-packages\Pythonwin</msg>
<msg timestamp="20221003 14:57:20.924" level="ERROR">Error in file 'd:\koodi\diplomi\utulab\salomaa-thesis\robot_scripts\tasks\update_score.robot' on line 7: Replacing variables from setting 'Variables' failed: Variable '${GLOBAL_ROBO_VARIABLES_DIR}' not found.</msg>
<msg timestamp="20221003 14:57:20.926" level="ERROR">Error in file 'd:\koodi\diplomi\utulab\salomaa-thesis\robot_scripts\tasks\update_score.robot' on line 8: Replacing variables from setting 'Resource' failed: Variable '${RESOURCES_DIR}' not found.</msg>
<msg timestamp="20221003 14:57:20.927" level="ERROR">Error in file 'd:\koodi\diplomi\utulab\salomaa-thesis\robot_scripts\tasks\update_score.robot' on line 13: Setting variable '${REL_REPORTS_PATH}' failed: Variable '${REPORTS_DIR}' not found.</msg>
</errors>
</robot>
